#
# A fatal error has been detected by the Java Runtime Environment:
#
#  Internal Error (javaClasses.cpp:129), pid=6540, tid=7072
#  fatal error: Invalid layout of preloaded class
#
# JRE version: 7.0_25-b17
# Java VM: Java HotSpot(TM) Client VM (23.25-b01 mixed mode windows-x86 )
# Failed to write core dump. Minidumps are not enabled by default on client versions of Windows
#
# If you would like to submit a bug report, please visit:
#   http://bugreport.sun.com/bugreport/crash.jsp
#

---------------  T H R E A D  ---------------

Current thread (0x0189b400):  JavaThread "Unknown thread" [_thread_in_vm, id=7072, stack(0x00480000,0x004d0000)]

Stack: [0x00480000,0x004d0000],  sp=0x004cf53c,  free space=317k
Native frames: (J=compiled Java code, j=interpreted, Vv=VM code, C=native code)
V  [jvm.dll+0x167e31]
V  [jvm.dll+0x1620f6]
V  [jvm.dll+0x1f92f]
V  [jvm.dll+0x1f9b6]
V  [jvm.dll+0x2cffd]
V  [jvm.dll+0x2d2a9]
V  [jvm.dll+0x75351]
V  [jvm.dll+0x7570b]
V  [jvm.dll+0x123881]
V  [jvm.dll+0x1439cc]
V  [jvm.dll+0xa619f]
C  [javaw.exe+0x13ca]
C  [javaw.exe+0x1e3c]
C  [javaw.exe+0xa5b1]
C  [javaw.exe+0xa63b]
C  [kernel32.dll+0x4ed6c]  BaseThreadInitThunk+0x12
C  [ntdll.dll+0x637eb]  RtlInitializeExceptionChain+0xef
C  [ntdll.dll+0x637be]  RtlInitializeExceptionChain+0xc2


---------------  P R O C E S S  ---------------

Java Threads: ( => current thread )

Other Threads:

=>0x0189b400 (exited) JavaThread "Unknown thread" [_thread_in_vm, id=7072, stack(0x00480000,0x004d0000)]

VM state:not at safepoint (not fully initialized)

VM Mutex/Monitor currently owned by a thread: None

GC Heap History (0 events):
No events

Deoptimization events (0 events):
No events

Internal exceptions (0 events):
No events

Events (10 events):
Event: 0.007 loading class 0x01773958 done
Event: 0.007 loading class 0x0189fb78 done
Event: 0.007 loading class 0x0189fb50
Event: 0.007 loading class 0x017e7f38
Event: 0.007 loading class 0x017e7f38 done
Event: 0.007 loading class 0x017e7f70
Event: 0.007 loading class 0x017e7f70 done
Event: 0.007 loading class 0x017ddd68
Event: 0.007 loading class 0x017ddd68 done
Event: 0.007 loading class 0x0189fb50 done


Dynamic libraries:
0x00120000 - 0x0014f000 	C:\Program Files\Java\jre7\bin\javaw.exe
0x77ec0000 - 0x77ffc000 	C:\Windows\SYSTEM32\ntdll.dll
0x77100000 - 0x771d4000 	C:\Windows\system32\kernel32.dll
0x75630000 - 0x7567b000 	C:\Windows\system32\KERNELBASE.dll
0x75f20000 - 0x75fc0000 	C:\Windows\system32\ADVAPI32.dll
0x75bd0000 - 0x75c7c000 	C:\Windows\system32\msvcrt.dll
0x771e0000 - 0x771f9000 	C:\Windows\SYSTEM32\sechost.dll
0x77050000 - 0x770f2000 	C:\Windows\system32\RPCRT4.dll
0x75fc0000 - 0x76089000 	C:\Windows\system32\USER32.dll
0x758c0000 - 0x7590e000 	C:\Windows\system32\GDI32.dll
0x77030000 - 0x7703a000 	C:\Windows\system32\LPK.dll
0x76d70000 - 0x76e0d000 	C:\Windows\system32\USP10.dll
0x73f30000 - 0x740ce000 	C:\Windows\WinSxS\x86_microsoft.windows.common-controls_6595b64144ccf1df_6.0.7601.17514_none_41e6975e2bd6f2b2\COMCTL32.dll
0x76d10000 - 0x76d67000 	C:\Windows\system32\SHLWAPI.dll
0x76eb0000 - 0x76ecf000 	C:\Windows\system32\IMM32.DLL
0x76ed0000 - 0x76f9c000 	C:\Windows\system32\MSCTF.dll
0x785c0000 - 0x7867e000 	C:\Program Files\Java\jre7\bin\msvcr100.dll
0x6e7b0000 - 0x6eaf2000 	C:\Program Files\Java\jre7\bin\client\jvm.dll
0x6f9e0000 - 0x6f9e7000 	C:\Windows\system32\WSOCK32.dll
0x76e70000 - 0x76ea5000 	C:\Windows\system32\WS2_32.dll
0x75b40000 - 0x75b46000 	C:\Windows\system32\NSI.dll
0x73720000 - 0x73752000 	C:\Windows\system32\WINMM.dll
0x75f10000 - 0x75f15000 	C:\Windows\system32\PSAPI.DLL
0x73340000 - 0x7334c000 	C:\Program Files\Java\jre7\bin\verify.dll
0x73320000 - 0x73340000 	C:\Program Files\Java\jre7\bin\java.dll
0x73300000 - 0x73313000 	C:\Program Files\Java\jre7\bin\zip.dll
0x6f890000 - 0x6f97b000 	C:\Windows\system32\dbghelp.dll

VM Arguments:
jvm_args: -Dfile.encoding=Cp1252 -Xbootclasspath:C:\Users\malsukhni\AppData\Local\Android\android-sdk\platforms\android-18\android.jar 
java_command: ca.sukhni.net.android.api.client.test.Test
Launcher Type: SUN_STANDARD

Environment Variables:
JAVA_HOME=C:\Program Files\Java\jdk1.6.0_17
PATH=C:/Program Files/Java/jre7/bin/client;C:/Program Files/Java/jre7/bin;C:/Program Files/Java/jre7/lib/i386;C:\Windows\system32;C:\Windows;C:\Windows\System32\Wbem;C:\Windows\System32\WindowsPowerShell\v1.0\;C:\Program Files\doxygen\bin;C:\Program Files\Subversion\bin;C:\Program Files\Git\cmd;C:\Program Files\TortoiseGit\bin;C:\apache-ant-1.8.3\bin;C:\android-ndk-r8;C:\Users\malsukhni\AppData\Local\Android\android-sdk\tools;C:\Users\malsukhni\AppData\Local\Android\android-sdk\tools;C:\Program Files\Java\jdk1.6.0_17\bin;C:\OpenSSL\bin;C:\Program Files\GnuWin32\bin;C:\Users\malsukhni\apache-maven-3.0.5\bin;C:\OpenSSL\bin;C:\Program Files\MySQL\MySQL Server 5.6\bin;C:\Users\malsukhni\AppData\Local\Android\android-sdk\platform-tools;C:\Users\malsukhni\Downloads\eclipse-jee-kepler-R-win32\eclipse;
USERNAME=malsukhni
OS=Windows_NT
PROCESSOR_IDENTIFIER=x86 Family 6 Model 42 Stepping 7, GenuineIntel



---------------  S Y S T E M  ---------------

OS: Windows 7 Build 7601 Service Pack 1

CPU:total 4 (4 cores per cpu, 1 threads per core) family 6 model 42 stepping 7, cmov, cx8, fxsr, mmx, sse, sse2, sse3, ssse3, sse4.1, sse4.2, popcnt, avx, tsc, tscinvbit

Memory: 4k page, physical 3660244k(883720k free), swap 7318736k(2664300k free)

vm_info: Java HotSpot(TM) Client VM (23.25-b01) for windows-x86 JRE (1.7.0_25-b17), built on Jun 21 2013 13:06:48 by "java_re" with unknown MS VC++:1600

time: Fri Aug 23 15:33:00 2013
elapsed time: 0 seconds

